<?xml version="1.0" encoding="UTF-8"?>
<testng-results ignored="0" total="1" passed="1" failed="0" skipped="0">
  <reporter-output>
  </reporter-output>
  <suite started-at="2022-09-11T09:04:52 IST" name="Default suite" finished-at="2022-09-11T09:04:58 IST" duration-ms="6743">
    <groups>
    </groups>
    <test started-at="2022-09-11T09:04:52 IST" name="Default test" finished-at="2022-09-11T09:04:58 IST" duration-ms="6743">
      <class name="com.saikumar.googlechrome.ChromeSeacrh">
        <test-method signature="search()[pri:0, instance:com.saikumar.googlechrome.ChromeSeacrh@429bffaa]" started-at="2022-09-11T09:04:52 IST" name="search" finished-at="2022-09-11T09:04:58 IST" duration-ms="6707" status="PASS">
          <reporter-output>
          </reporter-output>
        </test-method> <!-- search -->
      </class> <!-- com.saikumar.googlechrome.ChromeSeacrh -->
    </test> <!-- Default test -->
  </suite> <!-- Default suite -->
</testng-results>
