<?xml version="1.0" encoding="UTF-8"?>
<!-- Generated by org.testng.reporters.JUnitXMLReporter -->
<testsuite ignored="3" hostname="LAPTOP-JVTF571D" failures="0" tests="2" name="parallel Test" time="0.065" errors="0" timestamp="2022-07-08T11:49:08 IST">
  <testcase classname="com.saikumar.testng.Testing" name="m2" time="0.01"/>
  <testcase classname="com.saikumar.testng.Testing" name="m4" time="0.01"/>
  <testcase classname="com.saikumar.testng.Testing" name="m5" time="0.0">
    <ignored/>
  </testcase> <!-- m5 -->
  <testcase classname="com.saikumar.testng.Testing" name="m1" time="0.0">
    <ignored/>
  </testcase> <!-- m1 -->
  <testcase classname="com.saikumar.testng.Testing" name="m3" time="0.0">
    <ignored/>
  </testcase> <!-- m3 -->
</testsuite> <!-- parallel Test -->
